<?xml version="1.0" encoding="UTF-8"?>
<!-- Generated by org.testng.reporters.JUnitXMLReporter -->
<testsuite ignored="4" hostname="DESKTOP-HM5G61C" failures="1" tests="3" name="GRP-Smoke" time="0.044" errors="0" timestamp="06 Jun 2019 00:57:53 GMT">
  <testcase classname="com.class3_Dependency.NewTourExample" name="userInformation" time="0.008">
    <failure type="java.lang.NullPointerException">
      <![CDATA[java.lang.NullPointerException
at util.CommonMethods.findByCSS(CommonMethods.java:58)
at com.class3_Dependency.NewTourExample.userInformation(NewTourExample.java:22)
at java.base/jdk.internal.reflect.NativeMethodAccessorImpl.invoke0(Native Method)
at java.base/jdk.internal.reflect.NativeMethodAccessorImpl.invoke(NativeMethodAccessorImpl.java:62)
at java.base/jdk.internal.reflect.DelegatingMethodAccessorImpl.invoke(DelegatingMethodAccessorImpl.java:43)
at java.base/java.lang.reflect.Method.invoke(Method.java:566)
at org.testng.internal.MethodInvocationHelper.invokeMethod(MethodInvocationHelper.java:124)
at org.testng.internal.Invoker.invokeMethod(Invoker.java:583)
at org.testng.internal.Invoker.invokeTestMethod(Invoker.java:719)
at org.testng.internal.Invoker.invokeTestMethods(Invoker.java:989)
at org.testng.internal.TestMethodWorker.invokeTestMethods(TestMethodWorker.java:125)
at org.testng.internal.TestMethodWorker.run(TestMethodWorker.java:109)
at org.testng.TestRunner.privateRun(TestRunner.java:648)
at org.testng.TestRunner.run(TestRunner.java:505)
at org.testng.SuiteRunner.runTest(SuiteRunner.java:455)
at org.testng.SuiteRunner.runSequentially(SuiteRunner.java:450)
at org.testng.SuiteRunner.privateRun(SuiteRunner.java:415)
at org.testng.SuiteRunner.run(SuiteRunner.java:364)
at org.testng.SuiteRunnerWorker.runSuite(SuiteRunnerWorker.java:52)
at org.testng.SuiteRunnerWorker.run(SuiteRunnerWorker.java:84)
at org.testng.TestNG.runSuitesSequentially(TestNG.java:1208)
at org.testng.TestNG.runSuitesLocally(TestNG.java:1137)
at org.testng.TestNG.runSuites(TestNG.java:1049)
at org.testng.TestNG.run(TestNG.java:1017)
at org.testng.remote.AbstractRemoteTestNG.run(AbstractRemoteTestNG.java:115)
at org.testng.remote.RemoteTestNG.initAndRun(RemoteTestNG.java:251)
at org.testng.remote.RemoteTestNG.main(RemoteTestNG.java:77)
]]>
    </failure>
  </testcase> <!-- userInformation -->
  <testcase classname="com.class3_Dependency.GroupsExample" name="One" time="0.001"/>
  <testcase classname="com.class3_Dependency.GroupsExample" name="Three" time="0.001"/>
  <testcase classname="com.class3_Dependency.NewTourExample" name="contactInformation" time="0.0">
    <ignored/>
  </testcase> <!-- contactInformation -->
  <testcase classname="com.class3_Dependency.NewTourExample" name="mailingInformation" time="0.0">
    <ignored/>
  </testcase> <!-- mailingInformation -->
  <testcase classname="com.class3_Dependency.GroupsExample" name="Four" time="0.0">
    <ignored/>
  </testcase> <!-- Four -->
  <testcase classname="com.class3_Dependency.GroupsExample" name="Two" time="0.0">
    <ignored/>
  </testcase> <!-- Two -->
</testsuite> <!-- GRP-Smoke -->
