<?xml version="1.0" encoding="UTF-8"?>
<!-- Generated by org.testng.reporters.JUnitXMLReporter -->
<testsuite ignored="1" hostname="DESKTOP-HM5G61C" failures="0" tests="4" name="smoke" time="0.032" errors="0" timestamp="06 Jun 2019 21:12:28 GMT">
  <testcase classname="com.Practice.GroupTest" name="four" time="0.0"/>
  <testcase classname="com.Practice.GroupTest" name="one" time="0.0"/>
  <testcase classname="com.Practice.GroupTest" name="three" time="0.0"/>
  <testcase classname="com.Practice.GroupTest" name="two" time="0.0"/>
  <testcase classname="com.Practice.GroupTest" name="five" time="0.0">
    <ignored/>
  </testcase> <!-- five -->
</testsuite> <!-- smoke -->
