<?xml version="1.0" encoding="UTF-8"?>
<!-- Generated by org.testng.reporters.JUnitXMLReporter -->
<testsuite ignored="0" hostname="DESKTOP-HM5G61C" failures="1" tests="1" name="allRun" time="0.023" errors="0" timestamp="11 Jun 2019 21:54:44 GMT">
  <testcase classname="com.Practice.TestOfall" name="openName" time="0.01">
    <failure type="org.testng.internal.reflect.MethodMatcherException" message="
Data provider mismatch
Method: openName([])
Arguments: [(java.lang.String) chrome,(java.lang.String) http://www.ebay.com]">
      <![CDATA[org.testng.internal.reflect.MethodMatcherException: 
Data provider mismatch
Method: openName([])
Arguments: [(java.lang.String) chrome,(java.lang.String) http://www.ebay.com]
... Removed 20 stack frames]]>
    </failure>
  </testcase> <!-- openName -->
</testsuite> <!-- allRun -->
