<?xml version="1.0" encoding="UTF-8"?>
<!-- Generated by org.testng.reporters.JUnitXMLReporter -->
<testsuite ignored="0" hostname="DESKTOP-HM5G61C" failures="0" tests="6" name="TestMyXML" time="0.042" errors="0" timestamp="05 Jun 2019 23:34:00 GMT">
  <testcase classname="com.class3_Dependency.BasicXMLPartTho" name="testOneFromBasic1" time="0.008"/>
  <testcase classname="com.class3_Dependency.BasicXMLPartTho" name="testSecondFromBasic1" time="0.001"/>
  <testcase classname="com.class3_Dependency.BasicXMLPartTho" name="testThirdFromBasic1" time="0.001"/>
  <testcase classname="com.class3_Dependency.BasicXMLPartOne" name="testOneFromBasic1" time="0.001"/>
  <testcase classname="com.class3_Dependency.BasicXMLPartOne" name="testSecondFromBasic1" time="0.001"/>
  <testcase classname="com.class3_Dependency.BasicXMLPartOne" name="testThirdFromBasic1" time="0.001"/>
</testsuite> <!-- TestMyXML -->
