<?xml version="1.0" encoding="UTF-8"?>
<!-- Generated by org.testng.reporters.JUnitXMLReporter -->
<testsuite ignored="0" hostname="DESKTOP-HM5G61C" failures="0" tests="4" name="groupTest" time="0.033" errors="0" timestamp="06 Jun 2019 00:08:25 GMT">
  <testcase classname="com.class3_Dependency.GroupsExample" name="Four" time="0.005"/>
  <testcase classname="com.class3_Dependency.GroupsExample" name="One" time="0.001"/>
  <testcase classname="com.class3_Dependency.GroupsExample" name="Three" time="0.0"/>
  <testcase classname="com.class3_Dependency.GroupsExample" name="Two" time="0.001"/>
</testsuite> <!-- groupTest -->
