<?xml version="1.0" encoding="UTF-8"?>
<!-- Generated by org.testng.reporters.JUnitXMLReporter -->
<testsuite ignored="0" hostname="DESKTOP-HM5G61C" failures="0" tests="7" name="HomeWork" time="8.428" errors="0" timestamp="09 Jun 2019 02:40:43 GMT">
  <testcase classname="com.Practice.BhtTest" name="logIn" time="0.415"/>
  <testcase classname="com.Practice.BhtTest" name="creatingUserOne" time="0.963"/>
  <testcase classname="com.Practice.BhtTest" name="creatingUserTwo" time="0.901"/>
  <testcase classname="com.Practice.BhtTest" name="userOneVerification" time="0.505"/>
  <testcase classname="com.Practice.BhtTest" name="userTwoVerification" time="0.556"/>
  <testcase classname="com.Practice.BhtTest" name="validationOfTheFirstUser" time="0.434"/>
  <testcase classname="com.Practice.BhtTest" name="validationOfTheSecondUser" time="0.154"/>
</testsuite> <!-- HomeWork -->
