<?xml version="1.0" encoding="UTF-8"?>
<!-- Generated by org.testng.reporters.JUnitXMLReporter -->
<testsuite ignored="0" hostname="DESKTOP-HM5G61C" failures="0" tests="3" name="Test" time="7.944" errors="0" timestamp="12 Jun 2019 00:35:02 GMT">
  <testcase classname="com.class5.HM2users" name="logIn" time="0.456"/>
  <testcase classname="com.class5.HM2users" name="addingUsers" time="1.453"/>
  <testcase classname="com.class5.HM2users" name="addingUsers" time="1.381"/>
</testsuite> <!-- Test -->
