<?xml version="1.0" encoding="UTF-8"?>
<!-- Generated by org.testng.reporters.JUnitXMLReporter -->
<testsuite ignored="2" hostname="DESKTOP-HM5G61C" failures="0" tests="1" name="Smoke" time="5.2" errors="0" timestamp="07 Jun 2019 00:11:07 GMT">
  <testcase classname="com.class3_Dependency.TC_1" name="userOne" time="0.965"/>
  <testcase classname="com.class3_Dependency.TC_1" name="userTwo" time="0.0">
    <ignored/>
  </testcase> <!-- userTwo -->
  <testcase classname="com.class3_Dependency.TC_1" name="userThree" time="0.0">
    <ignored/>
  </testcase> <!-- userThree -->
</testsuite> <!-- Smoke -->
