<?xml version="1.0" encoding="UTF-8"?>
<!-- Generated by org.testng.reporters.JUnitXMLReporter -->
<testsuite ignored="1" hostname="DESKTOP-HM5G61C" failures="0" tests="2" name="Smoke" time="6.183" errors="0" timestamp="06 Jun 2019 01:31:05 GMT">
  <testcase classname="com.class3_Dependency.NewTourExample" name="contactInformation" time="0.444"/>
  <testcase classname="com.class3_Dependency.NewTourExample" name="mailingInformation" time="0.732"/>
  <testcase classname="com.class3_Dependency.NewTourExample" name="userInformation" time="0.0">
    <ignored/>
  </testcase> <!-- userInformation -->
</testsuite> <!-- Smoke -->
